error: Found argument '--websocket-port' which wasn't expected, or isn't valid in this context

USAGE:
    geckodriver --port <PORT>

For more information try --help
error: Found argument '--websocket-port' which wasn't expected, or isn't valid in this context

USAGE:
    geckodriver --port <PORT>

For more information try --help
error: Found argument '--websocket-port' which wasn't expected, or isn't valid in this context

USAGE:
    geckodriver --port <PORT>

For more information try --help
1676356541968	geckodriver	INFO	geckodriver 0.19.1
1676356541976	geckodriver	INFO	Listening on 127.0.0.1:6159
1676356545081	mozrunner::runner	INFO	Running command: "D:\\FireFox\\firefox.exe" "-marionette" "-profile" "C:\\Users\\18036\\AppData\\Local\\Temp\\rust_mozprofile.QdhsEJ0SZAnb"
Unable to read VR Path Registry from C:\Users\18036\AppData\Local\openvr\openvrpaths.vrpath
1676356545649	Marionette	INFO	Enabled via --marionette
Unable to read VR Path Registry from C:\Users\18036\AppData\Local\openvr\openvrpaths.vrpath
Unable to read VR Path Registry from C:\Users\18036\AppData\Local\openvr\openvrpaths.vrpath
[GPU 14696] WARNING: pipe error: 109: file c:/builds/moz2_slave/m-rel-w64-00000000000000000000/build/src/ipc/chromium/src/chrome/common/ipc_channel_win.cc, line 346
Unable to read VR Path Registry from C:\Users\18036\AppData\Local\openvr\openvrpaths.vrpath
[Child 14620] WARNING: pipe error: 109: file c:/builds/moz2_slave/m-rel-w64-00000000000000000000/build/src/ipc/chromium/src/chrome/common/ipc_channel_win.cc, line 346
[Child 14620] WARNING: pipe error: 109: file c:/builds/moz2_slave/m-rel-w64-00000000000000000000/build/src/ipc/chromium/src/chrome/common/ipc_channel_win.cc, line 346
1676356546760	Marionette	INFO	Listening on port 6167
1676356546783	Marionette	INFO	Listening on port 6167
1676356547132	Marionette	WARN	TLS certificate errors will be ignored for this session
1676356547164	Marionette	DEBUG	loaded listener.js
1676356547193	Marionette	DEBUG	Received DOM event "beforeunload" for "about:blank"
1676356547690	Marionette	DEBUG	Received DOM event "pagehide" for "about:blank"
1676356547691	Marionette	DEBUG	Received DOM event "unload" for "about:blank"
1676356547926	Marionette	DEBUG	Received DOM event "DOMContentLoaded" for "https://www.cde.org.cn/main/xxgk/listpage/9f9c74c73e0f8f56a8bfbc646055026d"
1676356547940	Marionette	DEBUG	Received DOM event "pageshow" for "https://www.cde.org.cn/main/xxgk/listpage/9f9c74c73e0f8f56a8bfbc646055026d"
JavaScript warning: https://www.cde.org.cn/main/xxgk/listpage/9f9c74c73e0f8f56a8bfbc646055026d line 5 > eval, line 1: Error: WebGL warning: getExtension('MOZ_WEBGL_lose_context'): MOZ_ prefixed WebGL extension strings are deprecated. Support for them will be removed in the future. Use unprefixed extension strings. To get draft extensions, set the webgl.enable-draft-extensions preference.
JavaScript warning: https://www.cde.org.cn/main/xxgk/listpage/9f9c74c73e0f8f56a8bfbc646055026d line 5 > eval, line 1: Error: WebGL warning: getExtension('MOZ_WEBGL_compressed_texture_s3tc'): MOZ_ prefixed WebGL extension strings are deprecated. Support for them will be removed in the future. Use unprefixed extension strings. To get draft extensions, set the webgl.enable-draft-extensions preference.
JavaScript warning: https://www.cde.org.cn/main/xxgk/listpage/9f9c74c73e0f8f56a8bfbc646055026d line 5 > eval, line 1: Error: WebGL warning: getExtension('MOZ_WEBGL_depth_texture'): MOZ_ prefixed WebGL extension strings are deprecated. Support for them will be removed in the future. Use unprefixed extension strings. To get draft extensions, set the webgl.enable-draft-extensions preference.

###!!! [Child][MessageChannel::SendAndWait] Error: Channel error: cannot send/recv

1676356797322	geckodriver	INFO	geckodriver 0.19.1
1676356797331	geckodriver	INFO	Listening on 127.0.0.1:6323
1676356800415	mozrunner::runner	INFO	Running command: "D:\\FireFox\\firefox.exe" "-marionette" "-profile" "C:\\Users\\18036\\AppData\\Local\\Temp\\rust_mozprofile.etNzbObrgNqz"
Unable to read VR Path Registry from C:\Users\18036\AppData\Local\openvr\openvrpaths.vrpath
1676356801001	Marionette	INFO	Enabled via --marionette
Unable to read VR Path Registry from C:\Users\18036\AppData\Local\openvr\openvrpaths.vrpath
Unable to read VR Path Registry from C:\Users\18036\AppData\Local\openvr\openvrpaths.vrpath
[GPU 3444] WARNING: pipe error: 109: file c:/builds/moz2_slave/m-rel-w64-00000000000000000000/build/src/ipc/chromium/src/chrome/common/ipc_channel_win.cc, line 346
1676356802078	Marionette	INFO	Listening on port 6331
1676356802086	Marionette	INFO	Listening on port 6331
1676356802461	Marionette	WARN	TLS certificate errors will be ignored for this session
1676356802494	Marionette	DEBUG	loaded listener.js
1676356802521	Marionette	DEBUG	Received DOM event "beforeunload" for "about:blank"
1676356802707	Marionette	DEBUG	Received DOM event "pagehide" for "about:blank"
1676356802708	Marionette	DEBUG	Received DOM event "unload" for "about:blank"
1676356802949	Marionette	DEBUG	Received DOM event "DOMContentLoaded" for "https://www.cde.org.cn/main/xxgk/listpage/9f9c74c73e0f8f56a8bfbc646055026d"
1676356802964	Marionette	DEBUG	Received DOM event "pageshow" for "https://www.cde.org.cn/main/xxgk/listpage/9f9c74c73e0f8f56a8bfbc646055026d"
JavaScript warning: https://www.cde.org.cn/main/xxgk/listpage/9f9c74c73e0f8f56a8bfbc646055026d line 5 > eval, line 1: Error: WebGL warning: getExtension('MOZ_WEBGL_lose_context'): MOZ_ prefixed WebGL extension strings are deprecated. Support for them will be removed in the future. Use unprefixed extension strings. To get draft extensions, set the webgl.enable-draft-extensions preference.
JavaScript warning: https://www.cde.org.cn/main/xxgk/listpage/9f9c74c73e0f8f56a8bfbc646055026d line 5 > eval, line 1: Error: WebGL warning: getExtension('MOZ_WEBGL_compressed_texture_s3tc'): MOZ_ prefixed WebGL extension strings are deprecated. Support for them will be removed in the future. Use unprefixed extension strings. To get draft extensions, set the webgl.enable-draft-extensions preference.
JavaScript warning: https://www.cde.org.cn/main/xxgk/listpage/9f9c74c73e0f8f56a8bfbc646055026d line 5 > eval, line 1: Error: WebGL warning: getExtension('MOZ_WEBGL_depth_texture'): MOZ_ prefixed WebGL extension strings are deprecated. Support for them will be removed in the future. Use unprefixed extension strings. To get draft extensions, set the webgl.enable-draft-extensions preference.
*************************
A coding exception was thrown and uncaught in a Task.

Full message: TypeError: can't access dead object
Full stack: find_@chrome://marionette/content/element.js:290:7
element.find/</findElements<@chrome://marionette/content/element.js:256:17
evalFn@chrome://marionette/content/wait.js:70:7

*************************
*************************
A coding exception was thrown and uncaught in a Task.

Full message: TypeError: can't access dead object
Full stack: find_@chrome://marionette/content/element.js:290:7
element.find/</findElements<@chrome://marionette/content/element.js:256:17
evalFn@chrome://marionette/content/wait.js:70:7

*************************
Marionette threw an error: [Exception... "Component returned failure code: 0x80070057 (NS_ERROR_ILLEGAL_VALUE) [nsIMessageSender.sendAsyncMessage]"  nsresult: "0x80070057 (NS_ERROR_ILLEGAL_VALUE)"  location: "JS frame :: chrome://marionette/content/proxy.js :: sendReply_ :: line 195"  data: no]
sendReply_@chrome://marionette/content/proxy.js:195:5
reply@chrome://marionette/content/proxy.js:175:7
sendToServer@chrome://marionette/content/listener.js:641:3
sendError@chrome://marionette/content/listener.js:675:3
dispatch/</<@chrome://marionette/content/listener.js:443:40
process@resource://gre/modules/Promise.jsm -> resource://gre/modules/Promise-backend.js:925:21
walkerLoop@resource://gre/modules/Promise.jsm -> resource://gre/modules/Promise-backend.js:806:7
scheduleWalkerLoop/<@resource://gre/modules/Promise.jsm -> resource://gre/modules/Promise-backend.js:742:11

[Child 15188] WARNING: pipe error: 109: file c:/builds/moz2_slave/m-rel-w64-00000000000000000000/build/src/ipc/chromium/src/chrome/common/ipc_channel_win.cc, line 346
[Child 15188] WARNING: pipe error: 109: file c:/builds/moz2_slave/m-rel-w64-00000000000000000000/build/src/ipc/chromium/src/chrome/common/ipc_channel_win.cc, line 346
1676356818898	addons.productaddons	WARN	Failed downloading via XHR, status: 0, reason: error
